<?xml version="1.0" encoding="UTF-8"?>
<coverage generated="1781139046441" clover="3.2.0">
  <project timestamp="1781139046442" name="All files">
    <metrics statements="11" coveredstatements="11" conditionals="8" coveredconditionals="8" methods="6" coveredmethods="6" elements="25" coveredelements="25" complexity="0" loc="11" ncloc="11" packages="1" files="1" classes="1"/>
    <file name="calculator.js" path="/Users/truongdq/tx/dev/labs/nodejs/78/calculator.js">
      <metrics statements="11" coveredstatements="11" conditionals="8" coveredconditionals="8" methods="6" coveredmethods="6"/>
      <line num="10" count="2" type="stmt"/>
      <line num="14" count="1" type="stmt"/>
      <line num="18" count="2" type="stmt"/>
      <line num="22" count="2" type="cond" truecount="2" falsecount="0"/>
      <line num="23" count="1" type="stmt"/>
      <line num="25" count="1" type="stmt"/>
      <line num="29" count="2" type="stmt"/>
      <line num="33" count="8" type="cond" truecount="2" falsecount="0"/>
      <line num="34" count="7" type="cond" truecount="4" falsecount="0"/>
      <line num="35" count="4" type="stmt"/>
      <line num="38" count="1" type="stmt"/>
    </file>
  </project>
</coverage>
